2018-12-29 00:13:23.182 [http-nio-8888-exec-2] INFO  com.course.controller.UserManager - 查询到的结果是1
2018-12-29 00:13:23.191 [http-nio-8888-exec-2] INFO  com.course.controller.UserManager - 登录的用户是:loginName
2018-12-29 00:13:23.297 [http-nio-8888-exec-1] INFO  com.course.controller.UserManager - 查询到的结果是0
2018-12-29 00:13:26.393 [http-nio-8888-exec-5] INFO  com.course.controller.UserManager - cookies验证通过
2018-12-29 00:13:26.442 [http-nio-8888-exec-5] INFO  com.course.controller.UserManager - 添加用户数是：1
2018-12-29 00:13:29.529 [http-nio-8888-exec-6] INFO  com.course.controller.UserManager - cookies验证通过
2018-12-29 00:13:29.536 [http-nio-8888-exec-6] INFO  com.course.controller.UserManager - getUserInfo获取到的用户数量1
2018-12-29 00:13:29.735 [http-nio-8888-exec-4] INFO  com.course.controller.UserManager - cookies验证通过
2018-12-29 00:13:29.788 [http-nio-8888-exec-4] INFO  com.course.controller.UserManager - 更新用户数据条目为：1
2018-12-29 00:13:35.958 [http-nio-8888-exec-8] INFO  com.course.controller.UserManager - cookies验证通过
2018-12-29 00:13:36.016 [http-nio-8888-exec-8] INFO  com.course.controller.UserManager - 更新用户数据条目为：1
2018-12-29 00:19:13.275 [http-nio-8888-exec-10] INFO  com.course.controller.UserManager - 查询到的结果是1
2018-12-29 00:19:13.276 [http-nio-8888-exec-10] INFO  com.course.controller.UserManager - 登录的用户是:loginName
2018-12-29 00:19:13.374 [http-nio-8888-exec-3] INFO  com.course.controller.UserManager - 查询到的结果是0
2018-12-29 00:19:16.473 [http-nio-8888-exec-2] INFO  com.course.controller.UserManager - cookies验证通过
2018-12-29 00:19:16.551 [http-nio-8888-exec-2] INFO  com.course.controller.UserManager - 添加用户数是：1
2018-12-29 00:19:19.644 [http-nio-8888-exec-1] INFO  com.course.controller.UserManager - cookies验证通过
2018-12-29 00:19:19.650 [http-nio-8888-exec-1] INFO  com.course.controller.UserManager - getUserInfo获取到的用户数量1
2018-12-29 00:19:22.925 [http-nio-8888-exec-6] INFO  com.course.controller.UserManager - cookies验证通过
2018-12-29 00:19:23.057 [http-nio-8888-exec-6] INFO  com.course.controller.UserManager - 更新用户数据条目为：1
2018-12-29 00:19:29.149 [http-nio-8888-exec-7] INFO  com.course.controller.UserManager - cookies验证通过
2018-12-29 00:19:29.199 [http-nio-8888-exec-7] INFO  com.course.controller.UserManager - 更新用户数据条目为：1
2018-12-29 00:21:45.453 [http-nio-8888-exec-8] INFO  com.course.controller.UserManager - 查询到的结果是1
2018-12-29 00:21:45.453 [http-nio-8888-exec-8] INFO  com.course.controller.UserManager - 登录的用户是:loginName
2018-12-29 00:21:45.550 [http-nio-8888-exec-9] INFO  com.course.controller.UserManager - 查询到的结果是0
2018-12-29 00:21:48.653 [http-nio-8888-exec-10] INFO  com.course.controller.UserManager - cookies验证通过
2018-12-29 00:21:48.759 [http-nio-8888-exec-10] INFO  com.course.controller.UserManager - 添加用户数是：1
2018-12-29 00:21:51.883 [http-nio-8888-exec-3] INFO  com.course.controller.UserManager - cookies验证通过
2018-12-29 00:21:51.890 [http-nio-8888-exec-3] INFO  com.course.controller.UserManager - getUserInfo获取到的用户数量1
2018-12-29 00:21:55.178 [http-nio-8888-exec-1] INFO  com.course.controller.UserManager - cookies验证通过
2018-12-29 00:21:55.229 [http-nio-8888-exec-1] INFO  com.course.controller.UserManager - 更新用户数据条目为：1
2018-12-29 00:22:01.392 [http-nio-8888-exec-5] INFO  com.course.controller.UserManager - cookies验证通过
2018-12-29 00:22:01.437 [http-nio-8888-exec-5] INFO  com.course.controller.UserManager - 更新用户数据条目为：1
